<?xml version="1.0" encoding="UTF-8"?>
<!-- Generated by org.testng.reporters.JUnitReportReporter -->
<testsuite hostname="SAURAV" failures="0" tests="1" name="testCases.Tc_accountRegistrationTest" time="5.427" errors="0" timestamp="2025-01-19T22:11:16 IST" skipped="0">
  <testcase classname="testCases.Tc_accountRegistrationTest" name="Verify_account_registration" time="5.427"/>
</testsuite> <!-- testCases.Tc_accountRegistrationTest -->
