<?xml version="1.0" encoding="UTF-8"?>
<!-- Generated by org.testng.reporters.JUnitReportReporter -->
<testsuite hostname="SAURAV" failures="0" tests="1" name="testCases.Tc_login" time="6.040" errors="0" timestamp="2025-01-19T22:11:16 IST" skipped="0">
  <testcase classname="testCases.Tc_login" name="Verify_Account_login" time="6.040"/>
</testsuite> <!-- testCases.Tc_login -->
